{"C:\\Users\\thedigit\\Documents\\projects\\libraries\\react-input-library\\src\\OTPInput.tsx": {"path":"C:\\Users\\thedigit\\Documents\\projects\\libraries\\react-input-library\\src\\OTPInput.tsx","statementMap":{"0":{"start":{"line":9,"column":42},"end":{"line":61,"column":1}},"1":{"start":{"line":23,"column":36},"end":{"line":23,"column":78}},"2":{"start":{"line":24,"column":20},"end":{"line":24,"column":50}},"3":{"start":{"line":26,"column":2},"end":{"line":30,"column":22}},"4":{"start":{"line":28,"column":25},"end":{"line":28,"column":86}},"5":{"start":{"line":29,"column":4},"end":{"line":29,"column":31}},"6":{"start":{"line":32,"column":18},"end":{"line":32,"column":43}},"7":{"start":{"line":34,"column":2},"end":{"line":60,"column":4}},"8":{"start":{"line":37,"column":8},"end":{"line":57,"column":10}},"9":{"start":{"line":39,"column":23},"end":{"line":39,"column":53}},"10":{"start":{"line":43,"column":27},"end":{"line":43,"column":103}},"11":{"start":{"line":44,"column":28},"end":{"line":44,"column":87}},"12":{"start":{"line":45,"column":25},"end":{"line":45,"column":52}},"13":{"start":{"line":46,"column":25},"end":{"line":46,"column":58}},"14":{"start":{"line":47,"column":33},"end":{"line":47,"column":59}}},"fnMap":{"0":{"name":"(anonymous_0)","decl":{"start":{"line":9,"column":42},"end":{"line":9,"column":43}},"loc":{"start":{"line":22,"column":6},"end":{"line":61,"column":1}},"line":22},"1":{"name":"(anonymous_1)","decl":{"start":{"line":26,"column":12},"end":{"line":26,"column":13}},"loc":{"start":{"line":26,"column":18},"end":{"line":30,"column":3}},"line":26},"2":{"name":"(anonymous_2)","decl":{"start":{"line":36,"column":21},"end":{"line":36,"column":22}},"loc":{"start":{"line":37,"column":8},"end":{"line":57,"column":10}},"line":37},"3":{"name":"(anonymous_3)","decl":{"start":{"line":39,"column":15},"end":{"line":39,"column":16}},"loc":{"start":{"line":39,"column":23},"end":{"line":39,"column":53}},"line":39},"4":{"name":"(anonymous_4)","decl":{"start":{"line":43,"column":20},"end":{"line":43,"column":21}},"loc":{"start":{"line":43,"column":27},"end":{"line":43,"column":103}},"line":43},"5":{"name":"(anonymous_5)","decl":{"start":{"line":44,"column":21},"end":{"line":44,"column":22}},"loc":{"start":{"line":44,"column":28},"end":{"line":44,"column":87}},"line":44},"6":{"name":"(anonymous_6)","decl":{"start":{"line":45,"column":19},"end":{"line":45,"column":20}},"loc":{"start":{"line":45,"column":25},"end":{"line":45,"column":52}},"line":45},"7":{"name":"(anonymous_7)","decl":{"start":{"line":46,"column":19},"end":{"line":46,"column":20}},"loc":{"start":{"line":46,"column":25},"end":{"line":46,"column":58}},"line":46},"8":{"name":"(anonymous_8)","decl":{"start":{"line":47,"column":27},"end":{"line":47,"column":28}},"loc":{"start":{"line":47,"column":33},"end":{"line":47,"column":59}},"line":47}},"branchMap":{"0":{"loc":{"start":{"line":15,"column":2},"end":{"line":15,"column":13}},"type":"default-arg","locations":[{"start":{"line":15,"column":9},"end":{"line":15,"column":13}}],"line":15},"1":{"loc":{"start":{"line":16,"column":2},"end":{"line":16,"column":13}},"type":"default-arg","locations":[{"start":{"line":16,"column":8},"end":{"line":16,"column":13}}],"line":16},"2":{"loc":{"start":{"line":17,"column":2},"end":{"line":17,"column":15}},"type":"default-arg","locations":[{"start":{"line":17,"column":10},"end":{"line":17,"column":15}}],"line":17},"3":{"loc":{"start":{"line":20,"column":2},"end":{"line":20,"column":33}},"type":"default-arg","locations":[{"start":{"line":20,"column":16},"end":{"line":20,"column":33}}],"line":20},"4":{"loc":{"start":{"line":21,"column":2},"end":{"line":21,"column":26}},"type":"default-arg","locations":[{"start":{"line":21,"column":21},"end":{"line":21,"column":26}}],"line":21},"5":{"loc":{"start":{"line":47,"column":18},"end":{"line":47,"column":71}},"type":"cond-expr","locations":[{"start":{"line":47,"column":27},"end":{"line":47,"column":59}},{"start":{"line":47,"column":62},"end":{"line":47,"column":71}}],"line":47},"6":{"loc":{"start":{"line":52,"column":20},"end":{"line":52,"column":73}},"type":"cond-expr","locations":[{"start":{"line":52,"column":28},"end":{"line":52,"column":59}},{"start":{"line":52,"column":62},"end":{"line":52,"column":73}}],"line":52}},"s":{"0":1,"1":30,"2":30,"3":30,"4":12,"5":12,"6":30,"7":30,"8":120,"9":240,"10":4,"11":2,"12":7,"13":0,"14":1},"f":{"0":30,"1":12,"2":120,"3":240,"4":4,"5":2,"6":7,"7":0,"8":1},"b":{"0":[30],"1":[30],"2":[28],"3":[28],"4":[30],"5":[8,112],"6":[8,112]},"_coverageSchema":"1a1c01bbd47fc00a2c39e90264f33305004495a9","hash":"42ff99de8ddacce53932125e8ec8cfe6f3f05f54"}
,"C:\\Users\\thedigit\\Documents\\projects\\libraries\\react-input-library\\src\\constants\\constant.ts": {"path":"C:\\Users\\thedigit\\Documents\\projects\\libraries\\react-input-library\\src\\constants\\constant.ts","statementMap":{"0":{"start":{"line":2,"column":23},"end":{"line":8,"column":12}}},"fnMap":{},"branchMap":{},"s":{"0":1},"f":{},"b":{},"_coverageSchema":"1a1c01bbd47fc00a2c39e90264f33305004495a9","hash":"8a9e1f24953105c93ff4f8a81b0d59c21a52e8f1"}
,"C:\\Users\\thedigit\\Documents\\projects\\libraries\\react-input-library\\src\\handlers\\otpHandlers.ts": {"path":"C:\\Users\\thedigit\\Documents\\projects\\libraries\\react-input-library\\src\\handlers\\otpHandlers.ts","statementMap":{"0":{"start":{"line":5,"column":28},"end":{"line":63,"column":1}},"1":{"start":{"line":14,"column":19},"end":{"line":14,"column":33}},"2":{"start":{"line":17,"column":2},"end":{"line":62,"column":3}},"3":{"start":{"line":18,"column":25},"end":{"line":18,"column":39}},"4":{"start":{"line":19,"column":4},"end":{"line":19,"column":35}},"5":{"start":{"line":20,"column":4},"end":{"line":20,"column":31}},"6":{"start":{"line":21,"column":4},"end":{"line":21,"column":36}},"7":{"start":{"line":24,"column":4},"end":{"line":37,"column":5}},"8":{"start":{"line":25,"column":6},"end":{"line":30,"column":7}},"9":{"start":{"line":25,"column":19},"end":{"line":25,"column":28}},"10":{"start":{"line":26,"column":8},"end":{"line":29,"column":9}},"11":{"start":{"line":27,"column":10},"end":{"line":27,"column":39}},"12":{"start":{"line":28,"column":10},"end":{"line":28,"column":17}},"13":{"start":{"line":31,"column":6},"end":{"line":36,"column":7}},"14":{"start":{"line":31,"column":19},"end":{"line":31,"column":20}},"15":{"start":{"line":32,"column":8},"end":{"line":35,"column":9}},"16":{"start":{"line":33,"column":10},"end":{"line":33,"column":39}},"17":{"start":{"line":34,"column":10},"end":{"line":34,"column":17}},"18":{"start":{"line":40,"column":28},"end":{"line":40,"column":48}},"19":{"start":{"line":41,"column":4},"end":{"line":41,"column":37}},"20":{"start":{"line":42,"column":25},"end":{"line":42,"column":39}},"21":{"start":{"line":43,"column":4},"end":{"line":43,"column":42}},"22":{"start":{"line":44,"column":4},"end":{"line":44,"column":31}},"23":{"start":{"line":45,"column":4},"end":{"line":45,"column":36}},"24":{"start":{"line":48,"column":4},"end":{"line":61,"column":5}},"25":{"start":{"line":49,"column":6},"end":{"line":54,"column":7}},"26":{"start":{"line":49,"column":19},"end":{"line":49,"column":28}},"27":{"start":{"line":50,"column":8},"end":{"line":53,"column":9}},"28":{"start":{"line":51,"column":10},"end":{"line":51,"column":39}},"29":{"start":{"line":52,"column":10},"end":{"line":52,"column":17}},"30":{"start":{"line":55,"column":6},"end":{"line":60,"column":7}},"31":{"start":{"line":55,"column":19},"end":{"line":55,"column":20}},"32":{"start":{"line":56,"column":8},"end":{"line":59,"column":9}},"33":{"start":{"line":57,"column":10},"end":{"line":57,"column":39}},"34":{"start":{"line":58,"column":10},"end":{"line":58,"column":17}},"35":{"start":{"line":118,"column":31},"end":{"line":157,"column":3}},"36":{"start":{"line":125,"column":4},"end":{"line":156,"column":5}},"37":{"start":{"line":127,"column":6},"end":{"line":127,"column":25}},"38":{"start":{"line":130,"column":6},"end":{"line":155,"column":7}},"39":{"start":{"line":132,"column":29},"end":{"line":132,"column":43}},"40":{"start":{"line":133,"column":8},"end":{"line":133,"column":33}},"41":{"start":{"line":134,"column":8},"end":{"line":134,"column":35}},"42":{"start":{"line":137,"column":8},"end":{"line":137,"column":45}},"43":{"start":{"line":138,"column":13},"end":{"line":155,"column":7}},"44":{"start":{"line":140,"column":8},"end":{"line":140,"column":41}},"45":{"start":{"line":143,"column":29},"end":{"line":143,"column":43}},"46":{"start":{"line":144,"column":8},"end":{"line":144,"column":37}},"47":{"start":{"line":145,"column":8},"end":{"line":145,"column":35}},"48":{"start":{"line":148,"column":8},"end":{"line":153,"column":9}},"49":{"start":{"line":148,"column":21},"end":{"line":148,"column":30}},"50":{"start":{"line":149,"column":10},"end":{"line":152,"column":11}},"51":{"start":{"line":150,"column":12},"end":{"line":150,"column":41}},"52":{"start":{"line":151,"column":12},"end":{"line":151,"column":18}},"53":{"start":{"line":159,"column":27},"end":{"line":163,"column":1}},"54":{"start":{"line":160,"column":2},"end":{"line":162,"column":3}},"55":{"start":{"line":161,"column":4},"end":{"line":161,"column":14}}},"fnMap":{"0":{"name":"(anonymous_0)","decl":{"start":{"line":5,"column":28},"end":{"line":5,"column":29}},"loc":{"start":{"line":13,"column":5},"end":{"line":63,"column":1}},"line":13},"1":{"name":"(anonymous_1)","decl":{"start":{"line":118,"column":31},"end":{"line":118,"column":32}},"loc":{"start":{"line":124,"column":7},"end":{"line":157,"column":3}},"line":124},"2":{"name":"(anonymous_2)","decl":{"start":{"line":159,"column":27},"end":{"line":159,"column":28}},"loc":{"start":{"line":159,"column":68},"end":{"line":163,"column":1}},"line":159}},"branchMap":{"0":{"loc":{"start":{"line":17,"column":2},"end":{"line":62,"column":3}},"type":"if","locations":[{"start":{"line":17,"column":2},"end":{"line":62,"column":3}},{"start":{"line":38,"column":9},"end":{"line":62,"column":3}}],"line":17},"1":{"loc":{"start":{"line":17,"column":6},"end":{"line":17,"column":46}},"type":"binary-expr","locations":[{"start":{"line":17,"column":6},"end":{"line":17,"column":27}},{"start":{"line":17,"column":31},"end":{"line":17,"column":46}}],"line":17},"2":{"loc":{"start":{"line":24,"column":4},"end":{"line":37,"column":5}},"type":"if","locations":[{"start":{"line":24,"column":4},"end":{"line":37,"column":5}},{"start":{},"end":{}}],"line":24},"3":{"loc":{"start":{"line":26,"column":8},"end":{"line":29,"column":9}},"type":"if","locations":[{"start":{"line":26,"column":8},"end":{"line":29,"column":9}},{"start":{},"end":{}}],"line":26},"4":{"loc":{"start":{"line":32,"column":8},"end":{"line":35,"column":9}},"type":"if","locations":[{"start":{"line":32,"column":8},"end":{"line":35,"column":9}},{"start":{},"end":{}}],"line":32},"5":{"loc":{"start":{"line":48,"column":4},"end":{"line":61,"column":5}},"type":"if","locations":[{"start":{"line":48,"column":4},"end":{"line":61,"column":5}},{"start":{},"end":{}}],"line":48},"6":{"loc":{"start":{"line":50,"column":8},"end":{"line":53,"column":9}},"type":"if","locations":[{"start":{"line":50,"column":8},"end":{"line":53,"column":9}},{"start":{},"end":{}}],"line":50},"7":{"loc":{"start":{"line":56,"column":8},"end":{"line":59,"column":9}},"type":"if","locations":[{"start":{"line":56,"column":8},"end":{"line":59,"column":9}},{"start":{},"end":{}}],"line":56},"8":{"loc":{"start":{"line":125,"column":4},"end":{"line":156,"column":5}},"type":"if","locations":[{"start":{"line":125,"column":4},"end":{"line":156,"column":5}},{"start":{},"end":{}}],"line":125},"9":{"loc":{"start":{"line":130,"column":6},"end":{"line":155,"column":7}},"type":"if","locations":[{"start":{"line":130,"column":6},"end":{"line":155,"column":7}},{"start":{"line":138,"column":13},"end":{"line":155,"column":7}}],"line":130},"10":{"loc":{"start":{"line":138,"column":13},"end":{"line":155,"column":7}},"type":"if","locations":[{"start":{"line":138,"column":13},"end":{"line":155,"column":7}},{"start":{},"end":{}}],"line":138},"11":{"loc":{"start":{"line":149,"column":10},"end":{"line":152,"column":11}},"type":"if","locations":[{"start":{"line":149,"column":10},"end":{"line":152,"column":11}},{"start":{},"end":{}}],"line":149},"12":{"loc":{"start":{"line":160,"column":2},"end":{"line":162,"column":3}},"type":"if","locations":[{"start":{"line":160,"column":2},"end":{"line":162,"column":3}},{"start":{},"end":{}}],"line":160}},"s":{"0":1,"1":4,"2":4,"3":3,"4":3,"5":3,"6":3,"7":3,"8":3,"9":3,"10":3,"11":3,"12":3,"13":0,"14":0,"15":0,"16":0,"17":0,"18":1,"19":1,"20":1,"21":1,"22":1,"23":1,"24":1,"25":1,"26":1,"27":1,"28":1,"29":1,"30":0,"31":0,"32":0,"33":0,"34":0,"35":1,"36":2,"37":2,"38":2,"39":1,"40":1,"41":1,"42":1,"43":1,"44":1,"45":1,"46":1,"47":1,"48":1,"49":1,"50":1,"51":0,"52":0,"53":1,"54":7,"55":1},"f":{"0":4,"1":2,"2":7},"b":{"0":[3,1],"1":[4,1],"2":[3,0],"3":[3,0],"4":[0,0],"5":[1,0],"6":[1,0],"7":[0,0],"8":[2,0],"9":[1,1],"10":[1,0],"11":[0,1],"12":[1,6]},"_coverageSchema":"1a1c01bbd47fc00a2c39e90264f33305004495a9","hash":"74b2ec9fb15b24432baaf5e986d8e2bf94874444"}
,"C:\\Users\\thedigit\\Documents\\projects\\libraries\\react-input-library\\src\\styles\\otpinput.module.css": {"path":"C:\\Users\\thedigit\\Documents\\projects\\libraries\\react-input-library\\src\\styles\\otpinput.module.css","statementMap":{},"fnMap":{},"branchMap":{},"s":{},"f":{},"b":{},"inputSourceMap":null,"_coverageSchema":"1a1c01bbd47fc00a2c39e90264f33305004495a9","hash":"65b7393e8c26cffa1fedbc0786be0bd9be8a3b24"}
}
