TN:
SF:src\OTPInput.tsx
FN:9,(anonymous_0)
FN:26,(anonymous_1)
FN:36,(anonymous_2)
FN:39,(anonymous_3)
FN:43,(anonymous_4)
FN:44,(anonymous_5)
FN:45,(anonymous_6)
FN:46,(anonymous_7)
FN:47,(anonymous_8)
FNF:9
FNH:8
FNDA:30,(anonymous_0)
FNDA:12,(anonymous_1)
FNDA:120,(anonymous_2)
FNDA:240,(anonymous_3)
FNDA:4,(anonymous_4)
FNDA:2,(anonymous_5)
FNDA:7,(anonymous_6)
FNDA:0,(anonymous_7)
FNDA:1,(anonymous_8)
DA:9,1
DA:23,30
DA:24,30
DA:26,30
DA:28,12
DA:29,12
DA:32,30
DA:34,30
DA:37,120
DA:39,240
DA:43,4
DA:44,2
DA:45,7
DA:46,0
DA:47,1
LF:15
LH:14
BRDA:15,0,0,30
BRDA:16,1,0,30
BRDA:17,2,0,28
BRDA:20,3,0,28
BRDA:21,4,0,30
BRDA:47,5,0,8
BRDA:47,5,1,112
BRDA:52,6,0,8
BRDA:52,6,1,112
BRF:9
BRH:9
end_of_record
TN:
SF:src\constants\constant.ts
FNF:0
FNH:0
DA:2,1
LF:1
LH:1
BRF:0
BRH:0
end_of_record
TN:
SF:src\handlers\otpHandlers.ts
FN:5,(anonymous_0)
FN:118,(anonymous_1)
FN:159,(anonymous_2)
FNF:3
FNH:3
FNDA:4,(anonymous_0)
FNDA:2,(anonymous_1)
FNDA:7,(anonymous_2)
DA:5,1
DA:14,4
DA:17,4
DA:18,3
DA:19,3
DA:20,3
DA:21,3
DA:24,3
DA:25,3
DA:26,3
DA:27,3
DA:28,3
DA:31,0
DA:32,0
DA:33,0
DA:34,0
DA:40,1
DA:41,1
DA:42,1
DA:43,1
DA:44,1
DA:45,1
DA:48,1
DA:49,1
DA:50,1
DA:51,1
DA:52,1
DA:55,0
DA:56,0
DA:57,0
DA:58,0
DA:118,1
DA:125,2
DA:127,2
DA:130,2
DA:132,1
DA:133,1
DA:134,1
DA:137,1
DA:138,1
DA:140,1
DA:143,1
DA:144,1
DA:145,1
DA:148,1
DA:149,1
DA:150,0
DA:151,0
DA:159,1
DA:160,7
DA:161,1
LF:51
LH:41
BRDA:17,0,0,3
BRDA:17,0,1,1
BRDA:17,1,0,4
BRDA:17,1,1,1
BRDA:24,2,0,3
BRDA:24,2,1,0
BRDA:26,3,0,3
BRDA:26,3,1,0
BRDA:32,4,0,0
BRDA:32,4,1,0
BRDA:48,5,0,1
BRDA:48,5,1,0
BRDA:50,6,0,1
BRDA:50,6,1,0
BRDA:56,7,0,0
BRDA:56,7,1,0
BRDA:125,8,0,2
BRDA:125,8,1,0
BRDA:130,9,0,1
BRDA:130,9,1,1
BRDA:138,10,0,1
BRDA:138,10,1,0
BRDA:149,11,0,0
BRDA:149,11,1,1
BRDA:160,12,0,1
BRDA:160,12,1,6
BRF:26
BRH:15
end_of_record
TN:
SF:src\styles\otpinput.module.css
FNF:0
FNH:0
LF:0
LH:0
BRF:0
BRH:0
end_of_record
